#
# There is insufficient memory for the Java Runtime Environment to continue.
# Native memory allocation (malloc) failed to allocate 1381536 bytes for Chunk::new
# Possible reasons:
#   The system is out of physical RAM or swap space
#   The process is running with CompressedOops enabled, and the Java Heap may be blocking the growth of the native heap
# Possible solutions:
#   Reduce memory load on the system
#   Increase physical memory or swap space
#   Check if swap backing store is full
#   Decrease Java heap size (-Xmx/-Xms)
#   Decrease number of Java threads
#   Decrease Java thread stack sizes (-Xss)
#   Set larger code cache with -XX:ReservedCodeCacheSize=
#   JVM is running with Unscaled Compressed Oops mode in which the Java heap is
#     placed in the first 4GB address space. The Java Heap base address is the
#     maximum limit for the native heap growth. Please use -XX:HeapBaseMinAddress
#     to set the Java Heap base and to place the Java Heap above 4GB virtual address.
# This output file may be truncated or incomplete.
#
#  Out of Memory Error (allocation.cpp:389), pid=11940, tid=0x000000000000333c
#
# JRE version: OpenJDK Runtime Environment (8.0_242-b01) (build 1.8.0_242-release-1644-b01)
# Java VM: OpenJDK 64-Bit Server VM (25.242-b01 mixed mode windows-amd64 compressed oops)
# Failed to write core dump. Minidumps are not enabled by default on client versions of Windows
#

---------------  T H R E A D  ---------------

Current thread (0x0000000017c9d000):  JavaThread "C2 CompilerThread1" daemon [_thread_in_native, id=13116, stack(0x00000000193f0000,0x00000000194f0000)]

Stack: [0x00000000193f0000,0x00000000194f0000]
[error occurred during error reporting (printing stack bounds), id 0xc0000005]

Native frames: (J=compiled Java code, j=interpreted, Vv=VM code, C=native code)


Current CompileTask:
C2:  34353 2907       4       groovy.lang.MetaClassImpl$1MOPIter::methodNameAction (325 bytes)


---------------  P R O C E S S  ---------------

Java Threads: ( => current thread )
  0x000000001f839800 JavaThread "Cache worker for Build Output Cleanup Cache (C:\Users\erman\AndroidStudioProjects\DemoRetrofit\.gradle\buildOutputCleanup)" [_thread_blocked, id=9392, stack(0x0000000022a80000,0x0000000022b80000)]
  0x000000001f83e800 JavaThread "Cache worker for file content cache (C:\Users\erman\.gradle\caches\6.5\fileContent)" [_thread_blocked, id=8332, stack(0x0000000022980000,0x0000000022a80000)]
  0x000000001f83c800 JavaThread "Cache worker for execution history cache (C:\Users\erman\.gradle\caches\6.5\executionHistory)" [_thread_blocked, id=6612, stack(0x0000000022480000,0x0000000022580000)]
  0x000000001f83a000 JavaThread "Cache worker for cache directory md-rule (C:\Users\erman\.gradle\caches\6.5\md-rule)" [_thread_blocked, id=1676, stack(0x0000000022180000,0x0000000022280000)]
  0x000000001e90e800 JavaThread "Cache worker for cache directory md-supplier (C:\Users\erman\.gradle\caches\6.5\md-supplier)" [_thread_blocked, id=12968, stack(0x0000000022080000,0x0000000022180000)]
  0x000000001e90e000 JavaThread "Cache worker for checksums cache (C:\Users\erman\AndroidStudioProjects\DemoRetrofit\.gradle\checksums)" [_thread_blocked, id=132, stack(0x0000000021f80000,0x0000000022080000)]
  0x000000001e912800 JavaThread "jar transforms Thread 25" [_thread_blocked, id=10764, stack(0x0000000021c80000,0x0000000021d80000)]
  0x000000001e914800 JavaThread "jar transforms Thread 24" [_thread_blocked, id=3236, stack(0x0000000021b80000,0x0000000021c80000)]
  0x000000001e911000 JavaThread "jar transforms Thread 23" [_thread_blocked, id=5984, stack(0x0000000021a80000,0x0000000021b80000)]
  0x000000001e910000 JavaThread "jar transforms Thread 22" [_thread_blocked, id=1256, stack(0x0000000021980000,0x0000000021a80000)]
  0x000000001e914000 JavaThread "jar transforms Thread 21" [_thread_blocked, id=12732, stack(0x0000000021880000,0x0000000021980000)]
  0x000000001e90f800 JavaThread "jar transforms Thread 20" [_thread_blocked, id=11172, stack(0x0000000021780000,0x0000000021880000)]
  0x000000001e913000 JavaThread "jar transforms Thread 19" [_thread_blocked, id=5420, stack(0x0000000021680000,0x0000000021780000)]
  0x000000001e90d000 JavaThread "jar transforms Thread 18" [_thread_blocked, id=10460, stack(0x0000000021580000,0x0000000021680000)]
  0x000000001e911800 JavaThread "jar transforms Thread 17" [_thread_blocked, id=13124, stack(0x0000000021480000,0x0000000021580000)]
  0x000000001e908000 JavaThread "jar transforms Thread 16" [_thread_blocked, id=5616, stack(0x0000000021380000,0x0000000021480000)]
  0x000000001e90b800 JavaThread "jar transforms Thread 15" [_thread_blocked, id=12864, stack(0x0000000021280000,0x0000000021380000)]
  0x000000001e907000 JavaThread "jar transforms Thread 14" [_thread_blocked, id=11784, stack(0x0000000021180000,0x0000000021280000)]
  0x000000001e905800 JavaThread "jar transforms Thread 13" [_thread_blocked, id=12224, stack(0x0000000021080000,0x0000000021180000)]
  0x000000001e909800 JavaThread "jar transforms Thread 12" [_thread_blocked, id=12920, stack(0x0000000020f80000,0x0000000021080000)]
  0x000000001e90c800 JavaThread "jar transforms Thread 11" [_thread_blocked, id=11892, stack(0x0000000020e80000,0x0000000020f80000)]
  0x000000001e906000 JavaThread "jar transforms Thread 10" [_thread_blocked, id=10656, stack(0x0000000020d80000,0x0000000020e80000)]
  0x000000001e90b000 JavaThread "jar transforms Thread 9" [_thread_blocked, id=12944, stack(0x0000000020c80000,0x0000000020d80000)]
  0x000000001e908800 JavaThread "jar transforms Thread 8" [_thread_blocked, id=11812, stack(0x0000000020b80000,0x0000000020c80000)]
  0x000000001e90a000 JavaThread "jar transforms Thread 7" [_thread_blocked, id=12384, stack(0x0000000020a80000,0x0000000020b80000)]
  0x000000001b0a7000 JavaThread "jar transforms Thread 6" [_thread_blocked, id=12448, stack(0x0000000020980000,0x0000000020a80000)]
  0x000000001b0a8000 JavaThread "jar transforms Thread 5" [_thread_blocked, id=2732, stack(0x0000000020880000,0x0000000020980000)]
  0x000000001b0a6800 JavaThread "jar transforms Thread 4" [_thread_blocked, id=5484, stack(0x0000000020780000,0x0000000020880000)]
  0x000000001b0ad000 JavaThread "jar transforms Thread 3" [_thread_blocked, id=8460, stack(0x0000000020680000,0x0000000020780000)]
  0x000000001b0ac800 JavaThread "jar transforms Thread 2" [_thread_blocked, id=13296, stack(0x0000000020580000,0x0000000020680000)]
  0x000000001b0aa000 JavaThread "jar transforms" [_thread_blocked, id=3228, stack(0x0000000020480000,0x0000000020580000)]
  0x000000001b0a9800 JavaThread "Cache worker for file hash cache (C:\Users\erman\AndroidStudioProjects\DemoRetrofit\.gradle\6.5\fileHashes)" [_thread_blocked, id=5896, stack(0x000000001f2f0000,0x000000001f3f0000)]
  0x000000001b0ab800 JavaThread "File lock release action executor" [_thread_blocked, id=500, stack(0x000000001eff0000,0x000000001f0f0000)]
  0x000000001b0a8800 JavaThread "Cache worker for file hash cache (C:\Users\erman\.gradle\caches\6.5\fileHashes)" [_thread_blocked, id=9960, stack(0x000000001dd20000,0x000000001de20000)]
  0x000000001b0ab000 JavaThread "File lock request listener" [_thread_in_native, id=11716, stack(0x000000001cc50000,0x000000001cd50000)]
  0x000000001b064800 JavaThread "Cache worker for journal cache (C:\Users\erman\.gradle\caches\journal-1)" [_thread_blocked, id=11188, stack(0x000000001ca50000,0x000000001cb50000)]
  0x0000000019ec8000 JavaThread "Thread-9" [_thread_blocked, id=10024, stack(0x000000001c750000,0x000000001c850000)]
  0x0000000019956800 JavaThread "Stdin handler" [_thread_blocked, id=8896, stack(0x000000001c650000,0x000000001c750000)]
  0x000000001a30c800 JavaThread "Asynchronous log dispatcher for DefaultDaemonConnection: socket connection from /127.0.0.1:65048 to /127.0.0.1:65049" [_thread_blocked, id=11996, stack(0x000000001c550000,0x000000001c650000)]
  0x0000000019967000 JavaThread "Daemon worker" [_thread_in_native, id=7412, stack(0x000000001c450000,0x000000001c550000)]
  0x0000000019f4f000 JavaThread "Cancel handler" [_thread_blocked, id=9296, stack(0x000000001c350000,0x000000001c450000)]
  0x000000001a4d4000 JavaThread "Handler for socket connection from /127.0.0.1:65048 to /127.0.0.1:65049" [_thread_in_native, id=9676, stack(0x000000001c050000,0x000000001c150000)]
  0x000000001a0ae000 JavaThread "Daemon" [_thread_blocked, id=2892, stack(0x000000001bf50000,0x000000001c050000)]
  0x000000001ae30800 JavaThread "Daemon periodic checks" [_thread_blocked, id=9524, stack(0x000000001be50000,0x000000001bf50000)]
  0x000000001aab4800 JavaThread "Incoming local TCP Connector on port 65048" [_thread_in_native, id=12004, stack(0x000000001bc00000,0x000000001bd00000)]
  0x00000000196ba000 JavaThread "Daemon health stats" [_thread_blocked, id=12876, stack(0x000000001b5c0000,0x000000001b6c0000)]
  0x0000000019628800 JavaThread "Service Thread" daemon [_thread_blocked, id=384, stack(0x00000000199f0000,0x0000000019af0000)]
  0x0000000017ca5800 JavaThread "C1 CompilerThread2" daemon [_thread_blocked, id=13192, stack(0x00000000194f0000,0x00000000195f0000)]
=>0x0000000017c9d000 JavaThread "C2 CompilerThread1" daemon [_thread_in_native, id=13116, stack(0x00000000193f0000,0x00000000194f0000)]
  0x0000000017c97800 JavaThread "C2 CompilerThread0" daemon [_thread_in_vm, id=8616, stack(0x00000000192f0000,0x00000000193f0000)]
  0x0000000017c96000 JavaThread "Attach Listener" daemon [_thread_blocked, id=12976, stack(0x00000000191f0000,0x00000000192f0000)]
  0x0000000017c94800 JavaThread "Signal Dispatcher" daemon [_thread_blocked, id=12996, stack(0x00000000190f0000,0x00000000191f0000)]
  0x000000000306c000 JavaThread "Finalizer" daemon [_thread_blocked, id=6476, stack(0x0000000018ee0000,0x0000000018fe0000)]
  0x0000000003061000 JavaThread "Reference Handler" daemon [_thread_blocked, id=9588, stack(0x0000000018de0000,0x0000000018ee0000)]
  0x0000000002e6e800 JavaThread "main" [_thread_blocked, id=3868, stack(0x0000000002e70000,0x0000000002f70000)]

Other Threads:
  0x0000000017c58000 VMThread [stack: 0x0000000018ce0000,0x0000000018de0000] [id=10648]
  0x0000000017cec000 WatcherThread [stack: 0x0000000019af0000,0x0000000019bf0000] [id=2036]

VM state:not at safepoint (normal execution)

VM Mutex/Monitor currently owned by a thread:  ([mutex/lock_event])
[0x0000000002e6c720] CodeCache_lock - owner thread: 0x0000000000000000

heap address: 0x0000000080000000, size: 2048 MB, Compressed Oops mode: 32-bit
Narrow klass base: 0x0000000000000000, Narrow klass shift: 3
Compressed class space size: 1073741824 Address: 0x0000000100000000

Heap:
 PSYoungGen      total 138240K, used 85463K [0x00000000d5580000, 0x00000000de880000, 0x0000000100000000)
  eden space 126976K, 67% used [0x00000000d5580000,0x00000000da8f5c80,0x00000000dd180000)
  from space 11264K, 0% used [0x00000000dd180000,0x00000000dd180000,0x00000000ddc80000)
  to   space 10240K, 0% used [0x00000000ddc80000,0x00000000ddc80000,0x00000000de680000)
 ParOldGen       total 48128K, used 13810K [0x0000000080000000, 0x0000000082f00000, 0x00000000d5580000)
  object space 48128K, 28% used [0x0000000080000000,0x0000000080d7c8b8,0x0000000082f00000)
 Metaspace       used 37708K, capacity 39390K, committed 39640K, reserved 1083392K
  class space    used 5204K, capacity 5560K, committed 5632K, reserved 1048576K

Card table byte_map: [0x0000000012430000,0x0000000012840000] byte_map_base: 0x0000000012030000

Marking Bits: (ParMarkBitMap*) 0x000000006353f030
 Begin Bits: [0x0000000012ef0000, 0x0000000014ef0000)
 End Bits:   [0x0000000014ef0000, 0x0000000016ef0000)

Polling page: 0x0000000001060000

CodeCache: size=245760Kb used=11792Kb max_used=11798Kb free=233967Kb
 bounds [0x0000000003070000, 0x0000000003c00000, 0x0000000012070000]
 total_blobs=3804 nmethods=3103 adapters=613
 compilation: enabled

Compilation events (10 events):
Event: 34.312 Thread 0x0000000017c97800 nmethod 3219 0x0000000003bf3e10 code [0x0000000003bf3fe0, 0x0000000003bf4ef8]
Event: 34.312 Thread 0x0000000017c97800 3217       4       java.util.HashMap::containsKey (18 bytes)
Event: 34.315 Thread 0x0000000017c97800 nmethod 3217 0x0000000003be4610 code [0x0000000003be4760, 0x0000000003be4a18]
Event: 34.315 Thread 0x0000000017c97800 3264       4       groovy.lang.MetaMethod::getMopName (105 bytes)
Event: 34.333 Thread 0x0000000017ca5800 3303       3       jdk.internal.org.objectweb.asm.MethodVisitor::visitFieldInsn (20 bytes)
Event: 34.334 Thread 0x0000000017ca5800 nmethod 3303 0x0000000003be3b90 code [0x0000000003be3d00, 0x0000000003be3f68]
Event: 34.341 Thread 0x0000000017ca5800 3309       3       jdk.internal.org.objectweb.asm.FieldWriter::getSize (262 bytes)
Event: 34.342 Thread 0x0000000017ca5800 nmethod 3309 0x0000000003be13d0 code [0x0000000003be1660, 0x0000000003be2568]
Event: 34.342 Thread 0x0000000017ca5800 3310       3       jdk.internal.org.objectweb.asm.FieldWriter::put (472 bytes)
Event: 34.343 Thread 0x0000000017ca5800 nmethod 3310 0x0000000003bdf310 code [0x0000000003bdf6c0, 0x0000000003be0a98]

GC Heap History (10 events):
Event: 29.223 GC heap before
{Heap before GC invocations=7 (full 1):
 PSYoungGen      total 76288K, used 8433K [0x00000000d5580000, 0x00000000dab80000, 0x0000000100000000)
  eden space 66048K, 0% used [0x00000000d5580000,0x00000000d5580000,0x00000000d9600000)
  from space 10240K, 82% used [0x00000000da080000,0x00000000da8bc520,0x00000000daa80000)
  to   space 10752K, 0% used [0x00000000d9600000,0x00000000d9600000,0x00000000da080000)
 ParOldGen       total 87552K, used 6761K [0x0000000080000000, 0x0000000085580000, 0x00000000d5580000)
  object space 87552K, 7% used [0x0000000080000000,0x000000008069a6c8,0x0000000085580000)
 Metaspace       used 20493K, capacity 21166K, committed 21248K, reserved 1067008K
  class space    used 2858K, capacity 3039K, committed 3072K, reserved 1048576K
Event: 29.254 GC heap after
Heap after GC invocations=7 (full 1):
 PSYoungGen      total 76288K, used 0K [0x00000000d5580000, 0x00000000dab80000, 0x0000000100000000)
  eden space 66048K, 0% used [0x00000000d5580000,0x00000000d5580000,0x00000000d9600000)
  from space 10240K, 0% used [0x00000000da080000,0x00000000da080000,0x00000000daa80000)
  to   space 10752K, 0% used [0x00000000d9600000,0x00000000d9600000,0x00000000da080000)
 ParOldGen       total 48128K, used 9030K [0x0000000080000000, 0x0000000082f00000, 0x00000000d5580000)
  object space 48128K, 18% used [0x0000000080000000,0x00000000808d1b70,0x0000000082f00000)
 Metaspace       used 20493K, capacity 21166K, committed 21248K, reserved 1067008K
  class space    used 2858K, capacity 3039K, committed 3072K, reserved 1048576K
}
Event: 31.686 GC heap before
{Heap before GC invocations=8 (full 1):
 PSYoungGen      total 76288K, used 66048K [0x00000000d5580000, 0x00000000dab80000, 0x0000000100000000)
  eden space 66048K, 100% used [0x00000000d5580000,0x00000000d9600000,0x00000000d9600000)
  from space 10240K, 0% used [0x00000000da080000,0x00000000da080000,0x00000000daa80000)
  to   space 10752K, 0% used [0x00000000d9600000,0x00000000d9600000,0x00000000da080000)
 ParOldGen       total 48128K, used 9030K [0x0000000080000000, 0x0000000082f00000, 0x00000000d5580000)
  object space 48128K, 18% used [0x0000000080000000,0x00000000808d1b70,0x0000000082f00000)
 Metaspace       used 25129K, capacity 26130K, committed 26496K, reserved 1071104K
  class space    used 3588K, capacity 3855K, committed 3968K, reserved 1048576K
Event: 31.693 GC heap after
Heap after GC invocations=8 (full 1):
 PSYoungGen      total 76800K, used 5736K [0x00000000d5580000, 0x00000000de680000, 0x0000000100000000)
  eden space 66048K, 0% used [0x00000000d5580000,0x00000000d5580000,0x00000000d9600000)
  from space 10752K, 53% used [0x00000000d9600000,0x00000000d9b9a358,0x00000000da080000)
  to   space 10240K, 0% used [0x00000000ddc80000,0x00000000ddc80000,0x00000000de680000)
 ParOldGen       total 48128K, used 9038K [0x0000000080000000, 0x0000000082f00000, 0x00000000d5580000)
  object space 48128K, 18% used [0x0000000080000000,0x00000000808d3b70,0x0000000082f00000)
 Metaspace       used 25129K, capacity 26130K, committed 26496K, reserved 1071104K
  class space    used 3588K, capacity 3855K, committed 3968K, reserved 1048576K
}
Event: 32.599 GC heap before
{Heap before GC invocations=9 (full 1):
 PSYoungGen      total 76800K, used 71784K [0x00000000d5580000, 0x00000000de680000, 0x0000000100000000)
  eden space 66048K, 100% used [0x00000000d5580000,0x00000000d9600000,0x00000000d9600000)
  from space 10752K, 53% used [0x00000000d9600000,0x00000000d9b9a358,0x00000000da080000)
  to   space 10240K, 0% used [0x00000000ddc80000,0x00000000ddc80000,0x00000000de680000)
 ParOldGen       total 48128K, used 9038K [0x0000000080000000, 0x0000000082f00000, 0x00000000d5580000)
  object space 48128K, 18% used [0x0000000080000000,0x00000000808d3b70,0x0000000082f00000)
 Metaspace       used 33083K, capacity 34278K, committed 34560K, reserved 1079296K
  class space    used 4472K, capacity 4782K, committed 4864K, reserved 1048576K
Event: 32.611 GC heap after
Heap after GC invocations=9 (full 1):
 PSYoungGen      total 137216K, used 9353K [0x00000000d5580000, 0x00000000de880000, 0x0000000100000000)
  eden space 126976K, 0% used [0x00000000d5580000,0x00000000d5580000,0x00000000dd180000)
  from space 10240K, 91% used [0x00000000ddc80000,0x00000000de5a2758,0x00000000de680000)
  to   space 11264K, 0% used [0x00000000dd180000,0x00000000dd180000,0x00000000ddc80000)
 ParOldGen       total 48128K, used 9046K [0x0000000080000000, 0x0000000082f00000, 0x00000000d5580000)
  object space 48128K, 18% used [0x0000000080000000,0x00000000808d5b70,0x0000000082f00000)
 Metaspace       used 33083K, capacity 34278K, committed 34560K, reserved 1079296K
  class space    used 4472K, capacity 4782K, committed 4864K, reserved 1048576K
}
Event: 33.104 GC heap before
{Heap before GC invocations=10 (full 1):
 PSYoungGen      total 137216K, used 35226K [0x00000000d5580000, 0x00000000de880000, 0x0000000100000000)
  eden space 126976K, 20% used [0x00000000d5580000,0x00000000d6ec4428,0x00000000dd180000)
  from space 10240K, 91% used [0x00000000ddc80000,0x00000000de5a2758,0x00000000de680000)
  to   space 11264K, 0% used [0x00000000dd180000,0x00000000dd180000,0x00000000ddc80000)
 ParOldGen       total 48128K, used 9046K [0x0000000080000000, 0x0000000082f00000, 0x00000000d5580000)
  object space 48128K, 18% used [0x0000000080000000,0x00000000808d5b70,0x0000000082f00000)
 Metaspace       used 34047K, capacity 35294K, committed 35416K, reserved 1079296K
  class space    used 4590K, capacity 4916K, committed 4992K, reserved 1048576K
Event: 33.125 GC heap after
Heap after GC invocations=10 (full 1):
 PSYoungGen      total 138240K, used 7261K [0x00000000d5580000, 0x00000000de880000, 0x0000000100000000)
  eden space 126976K, 0% used [0x00000000d5580000,0x00000000d5580000,0x00000000dd180000)
  from space 11264K, 64% used [0x00000000dd180000,0x00000000dd8975e0,0x00000000ddc80000)
  to   space 10240K, 0% used [0x00000000ddc80000,0x00000000ddc80000,0x00000000de680000)
 ParOldGen       total 48128K, used 9054K [0x0000000080000000, 0x0000000082f00000, 0x00000000d5580000)
  object space 48128K, 18% used [0x0000000080000000,0x00000000808d7b70,0x0000000082f00000)
 Metaspace       used 34047K, capacity 35294K, committed 35416K, reserved 1079296K
  class space    used 4590K, capacity 4916K, committed 4992K, reserved 1048576K
}
Event: 33.125 GC heap before
{Heap before GC invocations=11 (full 2):
 PSYoungGen      total 138240K, used 7261K [0x00000000d5580000, 0x00000000de880000, 0x0000000100000000)
  eden space 126976K, 0% used [0x00000000d5580000,0x00000000d5580000,0x00000000dd180000)
  from space 11264K, 64% used [0x00000000dd180000,0x00000000dd8975e0,0x00000000ddc80000)
  to   space 10240K, 0% used [0x00000000ddc80000,0x00000000ddc80000,0x00000000de680000)
 ParOldGen       total 48128K, used 9054K [0x0000000080000000, 0x0000000082f00000, 0x00000000d5580000)
  object space 48128K, 18% used [0x0000000080000000,0x00000000808d7b70,0x0000000082f00000)
 Metaspace       used 34047K, capacity 35294K, committed 35416K, reserved 1079296K
  class space    used 4590K, capacity 4916K, committed 4992K, reserved 1048576K
Event: 33.197 GC heap after
Heap after GC invocations=11 (full 2):
 PSYoungGen      total 138240K, used 0K [0x00000000d5580000, 0x00000000de880000, 0x0000000100000000)
  eden space 126976K, 0% used [0x00000000d5580000,0x00000000d5580000,0x00000000dd180000)
  from space 11264K, 0% used [0x00000000dd180000,0x00000000dd180000,0x00000000ddc80000)
  to   space 10240K, 0% used [0x00000000ddc80000,0x00000000ddc80000,0x00000000de680000)
 ParOldGen       total 48128K, used 13810K [0x0000000080000000, 0x0000000082f00000, 0x00000000d5580000)
  object space 48128K, 28% used [0x0000000080000000,0x0000000080d7c8b8,0x0000000082f00000)
 Metaspace       used 34047K, capacity 35294K, committed 35416K, reserved 1079296K
  class space    used 4590K, capacity 4916K, committed 4992K, reserved 1048576K
}

Deoptimization events (10 events):
Event: 33.783 Thread 0x0000000019967000 Uncommon trap: reason=unstable_if action=reinterpret pc=0x00000000034e5984 method=java.util.HashMap.getNode(ILjava/lang/Object;)Ljava/util/HashMap$Node; @ 53
Event: 33.798 Thread 0x0000000019967000 Uncommon trap: reason=bimorphic action=maybe_recompile pc=0x00000000039a9408 method=java.util.AbstractCollection.addAll(Ljava/util/Collection;)Z @ 29
Event: 33.839 Thread 0x0000000019967000 Uncommon trap: reason=unstable_if action=reinterpret pc=0x0000000003778f40 method=org.objectweb.asm.ByteVector.putShort(I)Lorg/objectweb/asm/ByteVector; @ 13
Event: 33.843 Thread 0x0000000019967000 Uncommon trap: reason=unstable_if action=reinterpret pc=0x00000000036b3664 method=java.net.URLStreamHandler.sameFile(Ljava/net/URL;Ljava/net/URL;)Z @ 63
Event: 33.846 Thread 0x0000000019967000 Uncommon trap: reason=unstable_if action=reinterpret pc=0x00000000036b93d8 method=java.net.URLStreamHandler.sameFile(Ljava/net/URL;Ljava/net/URL;)Z @ 63
Event: 33.963 Thread 0x0000000019967000 Uncommon trap: reason=unstable_if action=reinterpret pc=0x0000000003b4cfb8 method=java.lang.ClassLoader.checkCerts(Ljava/lang/String;Ljava/security/CodeSource;)V @ 29
Event: 33.976 Thread 0x0000000019967000 Uncommon trap: reason=unstable_if action=reinterpret pc=0x00000000037cac0c method=java.util.WeakHashMap.put(Ljava/lang/Object;Ljava/lang/Object;)Ljava/lang/Object; @ 59
Event: 34.042 Thread 0x0000000019967000 Uncommon trap: reason=unstable_if action=reinterpret pc=0x000000000395d230 method=org.gradle.internal.reflect.PropertyAccessorType.isGetGetterName(Ljava/lang/String;)Z @ 14
Event: 34.218 Thread 0x0000000019967000 Uncommon trap: reason=unstable_if action=reinterpret pc=0x0000000003b43710 method=org.codehaus.groovy.reflection.CachedMethod.compareToMethod(Ljava/lang/reflect/Method;)I @ 43
Event: 34.266 Thread 0x0000000019967000 Uncommon trap: reason=unstable_if action=reinterpret pc=0x000000000364d560 method=java.net.URI.match(CJJ)Z @ 45

Classes redefined (0 events):
No events

Internal exceptions (10 events):
Event: 34.202 Thread 0x0000000019967000 Exception <a 'java/lang/ClassNotFoundException': org/gradle/api/internal/artifacts/DefaultArtifactRepositoryContainerBeanInfo> (0x00000000d9130530) thrown at [C:\src\AOSP-openjdk-git\hotspot\src\share\vm\classfile\systemDictionary.cpp, line 210]
Event: 34.203 Thread 0x0000000019967000 Exception <a 'java/lang/ClassNotFoundException': org/gradle/api/internal/DefaultNamedDomainObjectListBeanInfo> (0x00000000d91639e8) thrown at [C:\src\AOSP-openjdk-git\hotspot\src\share\vm\classfile\systemDictionary.cpp, line 210]
Event: 34.204 Thread 0x0000000019967000 Exception <a 'java/lang/ClassNotFoundException': org/gradle/api/internal/DefaultNamedDomainObjectCollectionBeanInfo> (0x00000000d9199518) thrown at [C:\src\AOSP-openjdk-git\hotspot\src\share\vm\classfile\systemDictionary.cpp, line 210]
Event: 34.204 Thread 0x0000000019967000 Exception <a 'java/lang/ClassNotFoundException': org/gradle/api/internal/DefaultDomainObjectCollectionBeanInfo> (0x00000000d91cd958) thrown at [C:\src\AOSP-openjdk-git\hotspot\src\share\vm\classfile\systemDictionary.cpp, line 210]
Event: 34.205 Thread 0x0000000019967000 Exception <a 'java/lang/ClassNotFoundException': org/gradle/api/internal/DefaultDomainObjectCollectionCustomizer> (0x00000000d9202a60) thrown at [C:\src\AOSP-openjdk-git\hotspot\src\share\vm\classfile\systemDictionary.cpp, line 210]
Event: 34.208 Thread 0x0000000019967000 Exception <a 'java/lang/ClassNotFoundException': org/gradle/api/internal/DefaultNamedDomainObjectCollectionCustomizer> (0x00000000d9260dd8) thrown at [C:\src\AOSP-openjdk-git\hotspot\src\share\vm\classfile\systemDictionary.cpp, line 210]
Event: 34.211 Thread 0x0000000019967000 Exception <a 'java/lang/ClassNotFoundException': org/gradle/api/internal/DefaultNamedDomainObjectListCustomizer> (0x00000000d92cfe30) thrown at [C:\src\AOSP-openjdk-git\hotspot\src\share\vm\classfile\systemDictionary.cpp, line 210]
Event: 34.213 Thread 0x0000000019967000 Exception <a 'java/lang/ClassNotFoundException': org/gradle/api/internal/artifacts/DefaultArtifactRepositoryContainerCustomizer> (0x00000000d93441a8) thrown at [C:\src\AOSP-openjdk-git\hotspot\src\share\vm\classfile\systemDictionary.cpp, line 210]
Event: 34.215 Thread 0x0000000019967000 Exception <a 'java/lang/ClassNotFoundException': org/gradle/api/internal/artifacts/dsl/DefaultRepositoryHandlerCustomizer> (0x00000000d93a95b8) thrown at [C:\src\AOSP-openjdk-git\hotspot\src\share\vm\classfile\systemDictionary.cpp, line 210]
Event: 34.216 Thread 0x0000000019967000 Exception <a 'java/lang/ClassNotFoundException': org/gradle/api/internal/artifacts/dsl/DefaultRepositoryHandler_DecoratedCustomizer> (0x00000000d942d500) thrown at [C:\src\AOSP-openjdk-git\hotspot\src\share\vm\classfile\systemDictionary.cpp, line 210]

Events (10 events):
Event: 34.350 loading class org/gradle/api/internal/artifacts/ivyservice/modulecache/PersistentModuleMetadataCache$RevisionKeySerializer
Event: 34.350 loading class org/gradle/api/internal/artifacts/ivyservice/modulecache/PersistentModuleMetadataCache$RevisionKeySerializer done
Event: 34.350 loading class org/gradle/api/internal/artifacts/ivyservice/modulecache/ModuleMetadataCacheEntrySerializer
Event: 34.350 loading class org/gradle/api/internal/artifacts/ivyservice/modulecache/ModuleMetadataCacheEntrySerializer done
Event: 34.351 loading class org/gradle/api/internal/artifacts/ivyservice/modulecache/ModuleMetadataCacheEntry
Event: 34.351 loading class org/gradle/api/internal/artifacts/ivyservice/modulecache/ModuleMetadataCacheEntry done
Event: 34.351 loading class org/gradle/api/internal/artifacts/ivyservice/modulecache/MissingModuleCacheEntry
Event: 34.351 loading class org/gradle/api/internal/artifacts/ivyservice/modulecache/MissingModuleCacheEntry done
Event: 34.352 loading class org/gradle/api/internal/artifacts/DependencyManagementGradleUserHomeScopeServices$1
Event: 34.352 loading class org/gradle/api/internal/artifacts/DependencyManagementGradleUserHomeScopeServices$1 done


Dynamic libraries:
0x00007ff704070000 - 0x00007ff7040a1000 	C:\Program Files\Android\Android Studio\jre\bin\java.exe
0x00007ffbbc950000 - 0x00007ffbbcb46000 	C:\WINDOWS\SYSTEM32\ntdll.dll
0x00007ffbbbbd0000 - 0x00007ffbbbc8d000 	C:\WINDOWS\System32\KERNEL32.DLL
0x00007ffbba2b0000 - 0x00007ffbba579000 	C:\WINDOWS\System32\KERNELBASE.dll
0x00007ffbb7a40000 - 0x00007ffbb7ad0000 	C:\WINDOWS\SYSTEM32\apphelp.dll
0x00007ffbbc830000 - 0x00007ffbbc8dc000 	C:\WINDOWS\System32\ADVAPI32.dll
0x00007ffbbabc0000 - 0x00007ffbbac5e000 	C:\WINDOWS\System32\msvcrt.dll
0x00007ffbbc6a0000 - 0x00007ffbbc73c000 	C:\WINDOWS\System32\sechost.dll
0x00007ffbbb200000 - 0x00007ffbbb32b000 	C:\WINDOWS\System32\RPCRT4.dll
0x00007ffbbc500000 - 0x00007ffbbc6a0000 	C:\WINDOWS\System32\USER32.dll
0x00007ffbba0e0000 - 0x00007ffbba102000 	C:\WINDOWS\System32\win32u.dll
0x00007ffbbbba0000 - 0x00007ffbbbbca000 	C:\WINDOWS\System32\GDI32.dll
0x00007ffbba110000 - 0x00007ffbba21b000 	C:\WINDOWS\System32\gdi32full.dll
0x00007ffbba5d0000 - 0x00007ffbba66d000 	C:\WINDOWS\System32\msvcp_win.dll
0x00007ffbba720000 - 0x00007ffbba820000 	C:\WINDOWS\System32\ucrtbase.dll
0x00007ffbaeee0000 - 0x00007ffbaf17b000 	C:\WINDOWS\WinSxS\amd64_microsoft.windows.common-controls_6595b64144ccf1df_6.0.19041.746_none_ca02b4b61b8320a4\COMCTL32.dll
0x00007ffbbc1d0000 - 0x00007ffbbc200000 	C:\WINDOWS\System32\IMM32.DLL
0x0000000065ad0000 - 0x0000000065ba2000 	C:\Program Files\Android\Android Studio\jre\jre\bin\msvcr100.dll
0x0000000062d70000 - 0x00000000635bb000 	C:\Program Files\Android\Android Studio\jre\jre\bin\server\jvm.dll
0x00007ffbbc740000 - 0x00007ffbbc748000 	C:\WINDOWS\System32\PSAPI.DLL
0x00007ffbb5050000 - 0x00007ffbb5059000 	C:\WINDOWS\SYSTEM32\WSOCK32.dll
0x00007ffbb43b0000 - 0x00007ffbb43ba000 	C:\WINDOWS\SYSTEM32\VERSION.dll
0x00007ffba98b0000 - 0x00007ffba98d7000 	C:\WINDOWS\SYSTEM32\WINMM.dll
0x00007ffbbc200000 - 0x00007ffbbc26b000 	C:\WINDOWS\System32\WS2_32.dll
0x00007ffba7d10000 - 0x00007ffba7d1f000 	C:\Program Files\Android\Android Studio\jre\jre\bin\verify.dll
0x00007ffb82fd0000 - 0x00007ffb82ff9000 	C:\Program Files\Android\Android Studio\jre\jre\bin\java.dll
0x00007ffb82fb0000 - 0x00007ffb82fc6000 	C:\Program Files\Android\Android Studio\jre\jre\bin\zip.dll
0x00007ffbbb450000 - 0x00007ffbbbb92000 	C:\WINDOWS\System32\SHELL32.dll
0x00007ffbb81d0000 - 0x00007ffbb8960000 	C:\WINDOWS\SYSTEM32\windows.storage.dll
0x00007ffbbae40000 - 0x00007ffbbb196000 	C:\WINDOWS\System32\combase.dll
0x00007ffbb99f0000 - 0x00007ffbb9a1c000 	C:\WINDOWS\SYSTEM32\Wldp.dll
0x00007ffbbb390000 - 0x00007ffbbb43e000 	C:\WINDOWS\System32\SHCORE.dll
0x00007ffbbc2f0000 - 0x00007ffbbc345000 	C:\WINDOWS\System32\shlwapi.dll
0x00007ffbb9f90000 - 0x00007ffbb9fb6000 	C:\WINDOWS\SYSTEM32\profapi.dll
0x00007ffb7e380000 - 0x00007ffb7e39a000 	C:\Program Files\Android\Android Studio\jre\jre\bin\net.dll
0x00007ffbb9770000 - 0x00007ffbb97da000 	C:\WINDOWS\system32\mswsock.dll
0x00007ffb7e360000 - 0x00007ffb7e373000 	C:\Program Files\Android\Android Studio\jre\jre\bin\nio.dll
0x00007ffba1af0000 - 0x00007ffba1b17000 	C:\Users\erman\.gradle\native\f6784746aeab05261644944871eae4fe03e0ef1612fff0a4a95f87b438bc6780\windows-amd64\native-platform.dll
0x00007ffba1cc0000 - 0x00007ffba1ccd000 	C:\Program Files\Android\Android Studio\jre\jre\bin\management.dll
0x00007ffbb9950000 - 0x00007ffbb9968000 	C:\WINDOWS\SYSTEM32\CRYPTSP.dll
0x00007ffbb9110000 - 0x00007ffbb9144000 	C:\WINDOWS\system32\rsaenh.dll
0x00007ffbba220000 - 0x00007ffbba247000 	C:\WINDOWS\System32\bcrypt.dll
0x00007ffbb9f50000 - 0x00007ffbb9f7e000 	C:\WINDOWS\SYSTEM32\USERENV.dll
0x00007ffbba060000 - 0x00007ffbba0e0000 	C:\WINDOWS\System32\bcryptprimitives.dll
0x00007ffbb9940000 - 0x00007ffbb994c000 	C:\WINDOWS\SYSTEM32\CRYPTBASE.dll
0x00007ffbb9460000 - 0x00007ffbb949b000 	C:\WINDOWS\SYSTEM32\IPHLPAPI.DLL
0x00007ffbba980000 - 0x00007ffbba988000 	C:\WINDOWS\System32\NSI.dll
0x00007ffbb43e0000 - 0x00007ffbb43f7000 	C:\WINDOWS\SYSTEM32\dhcpcsvc6.DLL
0x00007ffbb43c0000 - 0x00007ffbb43dd000 	C:\WINDOWS\SYSTEM32\dhcpcsvc.DLL
0x00007ffbb94a0000 - 0x00007ffbb956b000 	C:\WINDOWS\SYSTEM32\DNSAPI.dll
0x00007ffbb46b0000 - 0x00007ffbb46bb000 	C:\WINDOWS\SYSTEM32\WINNSI.DLL

VM Arguments:
jvm_args: -Xmx2048m -Dfile.encoding=UTF-8 -Duser.country=RU -Duser.language=ru -Duser.variant 
java_command: org.gradle.launcher.daemon.bootstrap.GradleDaemon 6.5
java_class_path (initial): C:\Users\erman\.gradle\wrapper\dists\gradle-6.5-bin\6nifqtx7604sqp1q6g8wikw7p\gradle-6.5\lib\gradle-launcher-6.5.jar
Launcher Type: SUN_STANDARD

Environment Variables:
JAVA_HOME=C:\Program Files\Java\jdk1.8.0_231;
JRE_HOME=C:\Program Files\Java\jdk1.8.0_231;
CLASSPATH=.;
PATH=C:\ProgramData\Oracle\Java\javapath;C:\Program Files\Java\jdk1.8.0_231;\bin;C:\WINDOWS\system32;C:\WINDOWS;C:\WINDOWS\System32\Wbem;C:\WINDOWS\System32\WindowsPowerShell\v1.0\;C:\WINDOWS\System32\OpenSSH\;C:\xampp\tomcat\bin;C:\Program Files\JetBrains\ideaIU-2020.1.windows\bin;C:\Program Files\Java\jdk1.8.0_231;\bin;C:\Program Files\Git\cmd;C:\Program Files\MySQL\MySQL Shell 8.0\bin\;C:\Users\erman\AppData\Local\Microsoft\WindowsApps;C:\Program Files\Java\jdk1.8.0_231;\bin;C:\Users\erman\AppData\Local\GitHubDesktop\bin;C:\Users\erman\AppData\Local\Microsoft\WindowsApps;C:\Program Files\JetBrains\WebStorm 2020.2.3\bin;;C:\Program Files\JetBrains\IntelliJ IDEA 2019.2\bin;\bin;C:\Bitnami\tomcatstack-9.0.40-0\apache-tomcat\bin;
USERNAME=Yerman
OS=Windows_NT
PROCESSOR_IDENTIFIER=Intel64 Family 6 Model 58 Stepping 9, GenuineIntel



---------------  S Y S T E M  ---------------

OS: Windows 10.0 , 64 bit Build 19041 (10.0.19041.804)

CPU:total 4 (initial active 4) (4 cores per cpu, 1 threads per core) family 6 model 58 stepping 9, cmov, cx8, fxsr, mmx, sse, sse2, sse3, ssse3, sse4.1, sse4.2, popcnt, avx, aes, clmul, erms, tsc, tscinvbit, tscinv

Memory: 4k page, physical 8298580k(1014056k free), swap 10395732k(5964k free)

vm_info: OpenJDK 64-Bit Server VM (25.242-b01) for windows-amd64 JRE (1.8.0_242-release-1644-b01), built by "builder" with MS VC++ 10.0 (VS2010)

time: Wed Mar 03 00:16:34 2021
timezone: Центральная Азия (зима)
elapsed time: 34 seconds (0d 0h 0m 34s)

