#
# There is insufficient memory for the Java Runtime Environment to continue.
# Native memory allocation (malloc) failed to allocate 1540976 bytes for Chunk::new
# Possible reasons:
#   The system is out of physical RAM or swap space
#   The process is running with CompressedOops enabled, and the Java Heap may be blocking the growth of the native heap
# Possible solutions:
#   Reduce memory load on the system
#   Increase physical memory or swap space
#   Check if swap backing store is full
#   Decrease Java heap size (-Xmx/-Xms)
#   Decrease number of Java threads
#   Decrease Java thread stack sizes (-Xss)
#   Set larger code cache with -XX:ReservedCodeCacheSize=
#   JVM is running with Unscaled Compressed Oops mode in which the Java heap is
#     placed in the first 4GB address space. The Java Heap base address is the
#     maximum limit for the native heap growth. Please use -XX:HeapBaseMinAddress
#     to set the Java Heap base and to place the Java Heap above 4GB virtual address.
# This output file may be truncated or incomplete.
#
#  Out of Memory Error (allocation.cpp:389), pid=11048, tid=0x00000000000029a0
#
# JRE version: OpenJDK Runtime Environment (8.0_242-b01) (build 1.8.0_242-release-1644-b01)
# Java VM: OpenJDK 64-Bit Server VM (25.242-b01 mixed mode windows-amd64 compressed oops)
# Failed to write core dump. Minidumps are not enabled by default on client versions of Windows
#

---------------  T H R E A D  ---------------

Current thread (0x000000001764d000):  JavaThread "C2 CompilerThread1" daemon [_thread_in_native, id=10656, stack(0x0000000018db0000,0x0000000018eb0000)]

Stack: [0x0000000018db0000,0x0000000018eb0000]
[error occurred during error reporting (printing stack bounds), id 0xc0000005]

Native frames: (J=compiled Java code, j=interpreted, Vv=VM code, C=native code)


Current CompileTask:
C2:   6456 3554       4       java.security.SecureClassLoader::defineClass (16 bytes)


---------------  P R O C E S S  ---------------

Java Threads: ( => current thread )
  0x000000001b58c000 JavaThread "Cache worker for Build Output Cleanup Cache (C:\Users\erman\AndroidStudioProjects\DemoRetrofit\.gradle\buildOutputCleanup)" [_thread_blocked, id=6060, stack(0x0000000022e10000,0x0000000022f10000)]
  0x000000001b3dd000 JavaThread "Cache worker for execution history cache (C:\Users\erman\.gradle\caches\6.3\executionHistory)" [_thread_blocked, id=12416, stack(0x0000000020d90000,0x0000000020e90000)]
  0x000000001b3db800 JavaThread "Cache worker for cache directory md-rule (C:\Users\erman\.gradle\caches\6.3\md-rule)" [_thread_blocked, id=4692, stack(0x000000001fc60000,0x000000001fd60000)]
  0x000000001b3dc800 JavaThread "Cache worker for cache directory md-supplier (C:\Users\erman\.gradle\caches\6.3\md-supplier)" [_thread_blocked, id=12384, stack(0x000000001fb60000,0x000000001fc60000)]
  0x000000001b3e1800 JavaThread "Cache worker for file hash cache (C:\Users\erman\AndroidStudioProjects\DemoRetrofit\.gradle\6.3\fileHashes)" [_thread_blocked, id=4216, stack(0x0000000021340000,0x0000000021440000)]
  0x000000001b3e1000 JavaThread "Cache worker for checksums cache (C:\Users\erman\AndroidStudioProjects\DemoRetrofit\.gradle\checksums)" [_thread_blocked, id=1876, stack(0x000000001d640000,0x000000001d740000)]
  0x000000001b3df800 JavaThread "Cache worker for file hash cache (C:\Users\erman\.gradle\caches\6.3\fileHashes)" [_thread_blocked, id=8460, stack(0x000000001d440000,0x000000001d540000)]
  0x000000001b3e2800 JavaThread "File lock request listener" [_thread_in_native, id=1940, stack(0x000000001d340000,0x000000001d440000)]
  0x0000000019a71000 JavaThread "Cache worker for journal cache (C:\Users\erman\.gradle\caches\journal-1)" [_thread_blocked, id=4468, stack(0x000000001d240000,0x000000001d340000)]
  0x000000001b2da800 JavaThread "Thread-9" [_thread_blocked, id=11760, stack(0x000000001cf40000,0x000000001d040000)]
  0x000000001b2d9800 JavaThread "Stdin handler" [_thread_blocked, id=988, stack(0x000000001ce40000,0x000000001cf40000)]
  0x000000001b313800 JavaThread "Asynchronous log dispatcher for DefaultDaemonConnection: socket connection from /127.0.0.1:64959 to /127.0.0.1:64960" [_thread_blocked, id=12548, stack(0x000000001cd40000,0x000000001ce40000)]
  0x000000001b30d800 JavaThread "Daemon worker" [_thread_in_native, id=12864, stack(0x000000001cc40000,0x000000001cd40000)]
  0x000000001b2dd000 JavaThread "Cancel handler" [_thread_blocked, id=11716, stack(0x000000001cb40000,0x000000001cc40000)]
  0x000000001b2ec000 JavaThread "Handler for socket connection from /127.0.0.1:64959 to /127.0.0.1:64960" [_thread_in_native, id=1320, stack(0x000000001c840000,0x000000001c940000)]
  0x000000001b23d000 JavaThread "Daemon" [_thread_blocked, id=7988, stack(0x000000001c740000,0x000000001c840000)]
  0x000000001b23c000 JavaThread "Daemon periodic checks" [_thread_blocked, id=272, stack(0x000000001c640000,0x000000001c740000)]
  0x000000001b23a000 JavaThread "Incoming local TCP Connector on port 64959" [_thread_in_native, id=9004, stack(0x00000000196b0000,0x00000000197b0000)]
  0x000000001934a000 JavaThread "Daemon health stats" [_thread_blocked, id=9960, stack(0x00000000195b0000,0x00000000196b0000)]
  0x0000000018fea800 JavaThread "Service Thread" daemon [_thread_blocked, id=11676, stack(0x00000000193b0000,0x00000000194b0000)]
  0x000000001765c800 JavaThread "C1 CompilerThread2" daemon [_thread_blocked, id=5896, stack(0x0000000018eb0000,0x0000000018fb0000)]
=>0x000000001764d000 JavaThread "C2 CompilerThread1" daemon [_thread_in_native, id=10656, stack(0x0000000018db0000,0x0000000018eb0000)]
  0x0000000017648800 JavaThread "C2 CompilerThread0" daemon [_thread_in_native, id=8648, stack(0x0000000018cb0000,0x0000000018db0000)]
  0x0000000017646800 JavaThread "Attach Listener" daemon [_thread_blocked, id=10540, stack(0x0000000018bb0000,0x0000000018cb0000)]
  0x0000000017645800 JavaThread "Signal Dispatcher" daemon [_thread_blocked, id=12448, stack(0x0000000018ab0000,0x0000000018bb0000)]
  0x0000000002a1c800 JavaThread "Finalizer" daemon [_thread_blocked, id=3244, stack(0x00000000188a0000,0x00000000189a0000)]
  0x0000000002a11000 JavaThread "Reference Handler" daemon [_thread_blocked, id=10372, stack(0x00000000187a0000,0x00000000188a0000)]
  0x00000000028be800 JavaThread "main" [_thread_blocked, id=11600, stack(0x0000000002730000,0x0000000002830000)]

Other Threads:
  0x0000000017608000 VMThread [stack: 0x00000000186a0000,0x00000000187a0000] [id=4776]
  0x0000000018feb000 WatcherThread [stack: 0x00000000194b0000,0x00000000195b0000] [id=12744]

VM state:not at safepoint (normal execution)

VM Mutex/Monitor currently owned by a thread: None

heap address: 0x0000000080000000, size: 2048 MB, Compressed Oops mode: 32-bit
Narrow klass base: 0x0000000000000000, Narrow klass shift: 3
Compressed class space size: 1073741824 Address: 0x0000000100000000

Heap:
 PSYoungGen      total 138752K, used 10920K [0x00000000d5580000, 0x00000000dfb00000, 0x0000000100000000)
  eden space 130560K, 2% used [0x00000000d5580000,0x00000000d5830d98,0x00000000dd500000)
  from space 8192K, 99% used [0x00000000de380000,0x00000000deb79298,0x00000000deb80000)
  to   space 14848K, 0% used [0x00000000dd500000,0x00000000dd500000,0x00000000de380000)
 ParOldGen       total 65536K, used 21302K [0x0000000080000000, 0x0000000084000000, 0x00000000d5580000)
  object space 65536K, 32% used [0x0000000080000000,0x00000000814cdaa0,0x0000000084000000)
 Metaspace       used 42027K, capacity 43460K, committed 43560K, reserved 1087488K
  class space    used 5707K, capacity 6090K, committed 6184K, reserved 1048576K

Card table byte_map: [0x0000000011de0000,0x00000000121f0000] byte_map_base: 0x00000000119e0000

Marking Bits: (ParMarkBitMap*) 0x000000006353f030
 Begin Bits: [0x00000000128a0000, 0x00000000148a0000)
 End Bits:   [0x00000000148a0000, 0x00000000168a0000)

Polling page: 0x0000000000e90000

CodeCache: size=245760Kb used=13563Kb max_used=13584Kb free=232196Kb
 bounds [0x0000000002a20000, 0x0000000003770000, 0x0000000011a20000]
 total_blobs=4279 nmethods=3537 adapters=654
 compilation: enabled

Compilation events (10 events):
Event: 6.250 Thread 0x0000000017648800 nmethod 3548 0x0000000003762910 code [0x0000000003762a40, 0x0000000003762ab8]
Event: 6.250 Thread 0x0000000017648800 3549       4       java.util.concurrent.ConcurrentHashMap::put (8 bytes)
Event: 6.251 Thread 0x0000000017648800 nmethod 3549 0x0000000003762690 code [0x00000000037627e0, 0x0000000003762868]
Event: 6.258 Thread 0x0000000017648800 3555   !   4       java.security.SecureClassLoader::getProtectionDomain (114 bytes)
Event: 6.260 Thread 0x000000001764d000 nmethod 3551 0x000000000376a3d0 code [0x000000000376a580, 0x000000000376b370]
Event: 6.260 Thread 0x000000001764d000 3554       4       java.security.SecureClassLoader::defineClass (16 bytes)
Event: 6.285 Thread 0x000000001765c800 3558       1       sun.misc.SharedSecrets::getJavaLangAccess (4 bytes)
Event: 6.285 Thread 0x000000001765c800 nmethod 3558 0x0000000003762410 code [0x0000000003762560, 0x0000000003762650]
Event: 6.340 Thread 0x000000001765c800 3559       3       java.util.HashMap::remove (26 bytes)
Event: 6.341 Thread 0x000000001765c800 nmethod 3559 0x0000000003761d10 code [0x0000000003761ea0, 0x00000000037622b8]

GC Heap History (10 events):
Event: 3.044 GC heap before
{Heap before GC invocations=6 (full 1):
 PSYoungGen      total 71680K, used 5088K [0x00000000d5580000, 0x00000000def80000, 0x0000000100000000)
  eden space 66560K, 0% used [0x00000000d5580000,0x00000000d5580000,0x00000000d9680000)
  from space 5120K, 99% used [0x00000000d9680000,0x00000000d9b78050,0x00000000d9b80000)
  to   space 12288K, 0% used [0x00000000de380000,0x00000000de380000,0x00000000def80000)
 ParOldGen       total 87552K, used 10302K [0x0000000080000000, 0x0000000085580000, 0x00000000d5580000)
  object space 87552K, 11% used [0x0000000080000000,0x0000000080a0f908,0x0000000085580000)
 Metaspace       used 20548K, capacity 21286K, committed 21296K, reserved 1067008K
  class space    used 2884K, capacity 3113K, committed 3120K, reserved 1048576K
Event: 3.078 GC heap after
Heap after GC invocations=6 (full 1):
 PSYoungGen      total 71680K, used 0K [0x00000000d5580000, 0x00000000def80000, 0x0000000100000000)
  eden space 66560K, 0% used [0x00000000d5580000,0x00000000d5580000,0x00000000d9680000)
  from space 5120K, 0% used [0x00000000d9680000,0x00000000d9680000,0x00000000d9b80000)
  to   space 12288K, 0% used [0x00000000de380000,0x00000000de380000,0x00000000def80000)
 ParOldGen       total 65536K, used 11009K [0x0000000080000000, 0x0000000084000000, 0x00000000d5580000)
  object space 65536K, 16% used [0x0000000080000000,0x0000000080ac0620,0x0000000084000000)
 Metaspace       used 20548K, capacity 21286K, committed 21296K, reserved 1067008K
  class space    used 2884K, capacity 3113K, committed 3120K, reserved 1048576K
}
Event: 3.771 GC heap before
{Heap before GC invocations=7 (full 1):
 PSYoungGen      total 71680K, used 66560K [0x00000000d5580000, 0x00000000def80000, 0x0000000100000000)
  eden space 66560K, 100% used [0x00000000d5580000,0x00000000d9680000,0x00000000d9680000)
  from space 5120K, 0% used [0x00000000d9680000,0x00000000d9680000,0x00000000d9b80000)
  to   space 12288K, 0% used [0x00000000de380000,0x00000000de380000,0x00000000def80000)
 ParOldGen       total 65536K, used 11009K [0x0000000080000000, 0x0000000084000000, 0x00000000d5580000)
  object space 65536K, 16% used [0x0000000080000000,0x0000000080ac0620,0x0000000084000000)
 Metaspace       used 28446K, capacity 29320K, committed 29616K, reserved 1075200K
  class space    used 3925K, capacity 4191K, committed 4272K, reserved 1048576K
Event: 3.779 GC heap after
Heap after GC invocations=7 (full 1):
 PSYoungGen      total 111616K, used 8166K [0x00000000d5580000, 0x00000000deb80000, 0x0000000100000000)
  eden space 103424K, 0% used [0x00000000d5580000,0x00000000d5580000,0x00000000dba80000)
  from space 8192K, 99% used [0x00000000de380000,0x00000000deb79a88,0x00000000deb80000)
  to   space 12288K, 0% used [0x00000000dd380000,0x00000000dd380000,0x00000000ddf80000)
 ParOldGen       total 65536K, used 11017K [0x0000000080000000, 0x0000000084000000, 0x00000000d5580000)
  object space 65536K, 16% used [0x0000000080000000,0x0000000080ac2620,0x0000000084000000)
 Metaspace       used 28446K, capacity 29320K, committed 29616K, reserved 1075200K
  class space    used 3925K, capacity 4191K, committed 4272K, reserved 1048576K
}
Event: 4.741 GC heap before
{Heap before GC invocations=8 (full 1):
 PSYoungGen      total 111616K, used 104099K [0x00000000d5580000, 0x00000000deb80000, 0x0000000100000000)
  eden space 103424K, 92% used [0x00000000d5580000,0x00000000db32f4e8,0x00000000dba80000)
  from space 8192K, 99% used [0x00000000de380000,0x00000000deb79a88,0x00000000deb80000)
  to   space 12288K, 0% used [0x00000000dd380000,0x00000000dd380000,0x00000000ddf80000)
 ParOldGen       total 65536K, used 11017K [0x0000000080000000, 0x0000000084000000, 0x00000000d5580000)
  object space 65536K, 16% used [0x0000000080000000,0x0000000080ac2620,0x0000000084000000)
 Metaspace       used 34140K, capacity 35360K, committed 35496K, reserved 1079296K
  class space    used 4630K, capacity 4950K, committed 5032K, reserved 1048576K
Event: 4.753 GC heap after
Heap after GC invocations=8 (full 1):
 PSYoungGen      total 115712K, used 11326K [0x00000000d5580000, 0x00000000deb80000, 0x0000000100000000)
  eden space 103424K, 0% used [0x00000000d5580000,0x00000000d5580000,0x00000000dba80000)
  from space 12288K, 92% used [0x00000000dd380000,0x00000000dde8fab0,0x00000000ddf80000)
  to   space 8192K, 0% used [0x00000000de380000,0x00000000de380000,0x00000000deb80000)
 ParOldGen       total 65536K, used 11025K [0x0000000080000000, 0x0000000084000000, 0x00000000d5580000)
  object space 65536K, 16% used [0x0000000080000000,0x0000000080ac4620,0x0000000084000000)
 Metaspace       used 34140K, capacity 35360K, committed 35496K, reserved 1079296K
  class space    used 4630K, capacity 4950K, committed 5032K, reserved 1048576K
}
Event: 4.753 GC heap before
{Heap before GC invocations=9 (full 2):
 PSYoungGen      total 115712K, used 11326K [0x00000000d5580000, 0x00000000deb80000, 0x0000000100000000)
  eden space 103424K, 0% used [0x00000000d5580000,0x00000000d5580000,0x00000000dba80000)
  from space 12288K, 92% used [0x00000000dd380000,0x00000000dde8fab0,0x00000000ddf80000)
  to   space 8192K, 0% used [0x00000000de380000,0x00000000de380000,0x00000000deb80000)
 ParOldGen       total 65536K, used 11025K [0x0000000080000000, 0x0000000084000000, 0x00000000d5580000)
  object space 65536K, 16% used [0x0000000080000000,0x0000000080ac4620,0x0000000084000000)
 Metaspace       used 34140K, capacity 35360K, committed 35496K, reserved 1079296K
  class space    used 4630K, capacity 4950K, committed 5032K, reserved 1048576K
Event: 4.813 GC heap after
Heap after GC invocations=9 (full 2):
 PSYoungGen      total 115712K, used 0K [0x00000000d5580000, 0x00000000deb80000, 0x0000000100000000)
  eden space 103424K, 0% used [0x00000000d5580000,0x00000000d5580000,0x00000000dba80000)
  from space 12288K, 0% used [0x00000000dd380000,0x00000000dd380000,0x00000000ddf80000)
  to   space 8192K, 0% used [0x00000000de380000,0x00000000de380000,0x00000000deb80000)
 ParOldGen       total 65536K, used 17916K [0x0000000080000000, 0x0000000084000000, 0x00000000d5580000)
  object space 65536K, 27% used [0x0000000080000000,0x000000008117f280,0x0000000084000000)
 Metaspace       used 34140K, capacity 35360K, committed 35496K, reserved 1079296K
  class space    used 4630K, capacity 4950K, committed 5032K, reserved 1048576K
}
Event: 6.316 GC heap before
{Heap before GC invocations=10 (full 2):
 PSYoungGen      total 115712K, used 103424K [0x00000000d5580000, 0x00000000deb80000, 0x0000000100000000)
  eden space 103424K, 100% used [0x00000000d5580000,0x00000000dba80000,0x00000000dba80000)
  from space 12288K, 0% used [0x00000000dd380000,0x00000000dd380000,0x00000000ddf80000)
  to   space 8192K, 0% used [0x00000000de380000,0x00000000de380000,0x00000000deb80000)
 ParOldGen       total 65536K, used 17916K [0x0000000080000000, 0x0000000084000000, 0x00000000d5580000)
  object space 65536K, 27% used [0x0000000080000000,0x000000008117f280,0x0000000084000000)
 Metaspace       used 41874K, capacity 43396K, committed 43560K, reserved 1087488K
  class space    used 5688K, capacity 6090K, committed 6184K, reserved 1048576K
Event: 6.333 GC heap after
Heap after GC invocations=10 (full 2):
 PSYoungGen      total 138752K, used 8164K [0x00000000d5580000, 0x00000000dfb00000, 0x0000000100000000)
  eden space 130560K, 0% used [0x00000000d5580000,0x00000000d5580000,0x00000000dd500000)
  from space 8192K, 99% used [0x00000000de380000,0x00000000deb79298,0x00000000deb80000)
  to   space 14848K, 0% used [0x00000000dd500000,0x00000000dd500000,0x00000000de380000)
 ParOldGen       total 65536K, used 21302K [0x0000000080000000, 0x0000000084000000, 0x00000000d5580000)
  object space 65536K, 32% used [0x0000000080000000,0x00000000814cdaa0,0x0000000084000000)
 Metaspace       used 41874K, capacity 43396K, committed 43560K, reserved 1087488K
  class space    used 5688K, capacity 6090K, committed 6184K, reserved 1048576K
}

Deoptimization events (10 events):
Event: 5.704 Thread 0x000000001b30d800 Uncommon trap: reason=unstable_if action=reinterpret pc=0x0000000003492260 method=java.net.URI.match(CJJ)Z @ 45
Event: 5.847 Thread 0x000000001b30d800 Uncommon trap: reason=unstable_if action=reinterpret pc=0x0000000002c7c7b8 method=java.lang.AbstractStringBuilder.append(Ljava/lang/String;)Ljava/lang/AbstractStringBuilder; @ 1
Event: 5.926 Thread 0x000000001b30d800 Uncommon trap: reason=unstable_if action=reinterpret pc=0x0000000002d69610 method=java.util.regex.Pattern.has(I)Z @ 6
Event: 6.107 Thread 0x000000001b30d800 Uncommon trap: reason=unstable_if action=reinterpret pc=0x0000000002e25cb0 method=java.lang.String.regionMatches(ZILjava/lang/String;II)Z @ 123
Event: 6.129 Thread 0x000000001b30d800 Uncommon trap: reason=unstable_if action=reinterpret pc=0x0000000003220138 method=sun.net.util.IPAddressUtil.scan(Ljava/lang/String;JJ[C)I @ 14
Event: 6.201 Thread 0x000000001b30d800 Uncommon trap: reason=unstable_if action=reinterpret pc=0x0000000002ff2b24 method=java.util.concurrent.ConcurrentHashMap.putVal(Ljava/lang/Object;Ljava/lang/Object;Z)Ljava/lang/Object; @ 195
Event: 6.227 Thread 0x000000001b30d800 Uncommon trap: reason=unstable_if action=reinterpret pc=0x0000000002f37074 method=java.util.concurrent.ConcurrentHashMap.transfer([Ljava/util/concurrent/ConcurrentHashMap$Node;[Ljava/util/concurrent/ConcurrentHashMap$Node;)V @ 356
Event: 6.296 Thread 0x000000001b30d800 Uncommon trap: reason=unstable_if action=reinterpret pc=0x0000000002db87b0 method=java.net.URI$Parser.scan(IILjava/lang/String;Ljava/lang/String;)I @ 23
Event: 6.357 Thread 0x000000001b30d800 Uncommon trap: reason=unstable_if action=reinterpret pc=0x00000000036c8e60 method=java.lang.CharacterDataLatin1.digit(II)I @ 82
Event: 6.357 Thread 0x000000001b30d800 Uncommon trap: reason=unstable_if action=reinterpret pc=0x00000000036a771c method=java.lang.CharacterDataLatin1.digit(II)I @ 82

Classes redefined (0 events):
No events

Internal exceptions (10 events):
Event: 5.645 Thread 0x000000001b30d800 Exception <a 'java/lang/ClassNotFoundException': org/gradle/api/internal/DefaultNamedDomainObjectListBeanInfo> (0x00000000d8a9ef58) thrown at [C:\src\AOSP-openjdk-git\hotspot\src\share\vm\classfile\systemDictionary.cpp, line 210]
Event: 5.645 Thread 0x000000001b30d800 Exception <a 'java/lang/ClassNotFoundException': org/gradle/api/internal/DefaultNamedDomainObjectCollectionBeanInfo> (0x00000000d8ad46c8) thrown at [C:\src\AOSP-openjdk-git\hotspot\src\share\vm\classfile\systemDictionary.cpp, line 210]
Event: 5.646 Thread 0x000000001b30d800 Exception <a 'java/lang/ClassNotFoundException': org/gradle/api/internal/DefaultDomainObjectCollectionBeanInfo> (0x00000000d8b08950) thrown at [C:\src\AOSP-openjdk-git\hotspot\src\share\vm\classfile\systemDictionary.cpp, line 210]
Event: 5.647 Thread 0x000000001b30d800 Exception <a 'java/lang/ClassNotFoundException': org/gradle/api/internal/DefaultDomainObjectCollectionCustomizer> (0x00000000d8b3d6a8) thrown at [C:\src\AOSP-openjdk-git\hotspot\src\share\vm\classfile\systemDictionary.cpp, line 210]
Event: 5.649 Thread 0x000000001b30d800 Exception <a 'java/lang/ClassNotFoundException': org/gradle/api/internal/DefaultNamedDomainObjectCollectionCustomizer> (0x00000000d8b9b678) thrown at [C:\src\AOSP-openjdk-git\hotspot\src\share\vm\classfile\systemDictionary.cpp, line 210]
Event: 5.652 Thread 0x000000001b30d800 Exception <a 'java/lang/ClassNotFoundException': org/gradle/api/internal/DefaultNamedDomainObjectListCustomizer> (0x00000000d8c09440) thrown at [C:\src\AOSP-openjdk-git\hotspot\src\share\vm\classfile\systemDictionary.cpp, line 210]
Event: 5.653 Thread 0x000000001b30d800 Exception <a 'java/lang/ClassNotFoundException': org/gradle/api/internal/artifacts/DefaultArtifactRepositoryContainerCustomizer> (0x00000000d8c7d870) thrown at [C:\src\AOSP-openjdk-git\hotspot\src\share\vm\classfile\systemDictionary.cpp, line 210]
Event: 5.655 Thread 0x000000001b30d800 Exception <a 'java/lang/ClassNotFoundException': org/gradle/api/internal/artifacts/dsl/DefaultRepositoryHandlerCustomizer> (0x00000000d8ce2c18) thrown at [C:\src\AOSP-openjdk-git\hotspot\src\share\vm\classfile\systemDictionary.cpp, line 210]
Event: 5.657 Thread 0x000000001b30d800 Exception <a 'java/lang/ClassNotFoundException': org/gradle/api/internal/artifacts/dsl/DefaultRepositoryHandler_DecoratedCustomizer> (0x00000000d8d66050) thrown at [C:\src\AOSP-openjdk-git\hotspot\src\share\vm\classfile\systemDictionary.cpp, line 210]
Event: 5.847 Thread 0x000000001b30d800 Implicit null exception at 0x0000000002c7c416 to 0x0000000002c7c7a1

Events (10 events):
Event: 6.357 loading class sun/net/InetAddressCachePolicy$1
Event: 6.357 loading class sun/net/InetAddressCachePolicy$1 done
Event: 6.357 loading class sun/net/InetAddressCachePolicy$2
Event: 6.357 loading class sun/net/InetAddressCachePolicy$2 done
Event: 6.357 loading class java/net/InetAddress$CacheEntry
Event: 6.357 loading class java/net/InetAddress$CacheEntry done
Event: 6.435 loading class javax/net/DefaultSocketFactory
Event: 6.435 loading class javax/net/DefaultSocketFactory done
Event: 6.436 loading class java/net/SocksSocketImpl$3
Event: 6.436 loading class java/net/SocksSocketImpl$3 done


Dynamic libraries:
0x00007ff704070000 - 0x00007ff7040a1000 	C:\Program Files\Android\Android Studio\jre\bin\java.exe
0x00007ffbbc950000 - 0x00007ffbbcb46000 	C:\WINDOWS\SYSTEM32\ntdll.dll
0x00007ffbbbbd0000 - 0x00007ffbbbc8d000 	C:\WINDOWS\System32\KERNEL32.DLL
0x00007ffbba2b0000 - 0x00007ffbba579000 	C:\WINDOWS\System32\KERNELBASE.dll
0x00007ffbb7a40000 - 0x00007ffbb7ad0000 	C:\WINDOWS\SYSTEM32\apphelp.dll
0x00007ffbbc830000 - 0x00007ffbbc8dc000 	C:\WINDOWS\System32\ADVAPI32.dll
0x00007ffbbabc0000 - 0x00007ffbbac5e000 	C:\WINDOWS\System32\msvcrt.dll
0x00007ffbbc6a0000 - 0x00007ffbbc73c000 	C:\WINDOWS\System32\sechost.dll
0x00007ffbbb200000 - 0x00007ffbbb32b000 	C:\WINDOWS\System32\RPCRT4.dll
0x00007ffbbc500000 - 0x00007ffbbc6a0000 	C:\WINDOWS\System32\USER32.dll
0x00007ffbba0e0000 - 0x00007ffbba102000 	C:\WINDOWS\System32\win32u.dll
0x00007ffbbbba0000 - 0x00007ffbbbbca000 	C:\WINDOWS\System32\GDI32.dll
0x00007ffbba110000 - 0x00007ffbba21b000 	C:\WINDOWS\System32\gdi32full.dll
0x00007ffbba5d0000 - 0x00007ffbba66d000 	C:\WINDOWS\System32\msvcp_win.dll
0x00007ffbba720000 - 0x00007ffbba820000 	C:\WINDOWS\System32\ucrtbase.dll
0x00007ffbaeee0000 - 0x00007ffbaf17b000 	C:\WINDOWS\WinSxS\amd64_microsoft.windows.common-controls_6595b64144ccf1df_6.0.19041.746_none_ca02b4b61b8320a4\COMCTL32.dll
0x00007ffbbc1d0000 - 0x00007ffbbc200000 	C:\WINDOWS\System32\IMM32.DLL
0x0000000065ad0000 - 0x0000000065ba2000 	C:\Program Files\Android\Android Studio\jre\jre\bin\msvcr100.dll
0x0000000062d70000 - 0x00000000635bb000 	C:\Program Files\Android\Android Studio\jre\jre\bin\server\jvm.dll
0x00007ffbbc740000 - 0x00007ffbbc748000 	C:\WINDOWS\System32\PSAPI.DLL
0x00007ffba98b0000 - 0x00007ffba98d7000 	C:\WINDOWS\SYSTEM32\WINMM.dll
0x00007ffbb43b0000 - 0x00007ffbb43ba000 	C:\WINDOWS\SYSTEM32\VERSION.dll
0x00007ffbb5050000 - 0x00007ffbb5059000 	C:\WINDOWS\SYSTEM32\WSOCK32.dll
0x00007ffbbc200000 - 0x00007ffbbc26b000 	C:\WINDOWS\System32\WS2_32.dll
0x00007ffba7d10000 - 0x00007ffba7d1f000 	C:\Program Files\Android\Android Studio\jre\jre\bin\verify.dll
0x00007ffb82fd0000 - 0x00007ffb82ff9000 	C:\Program Files\Android\Android Studio\jre\jre\bin\java.dll
0x00007ffb82fb0000 - 0x00007ffb82fc6000 	C:\Program Files\Android\Android Studio\jre\jre\bin\zip.dll
0x00007ffbbb450000 - 0x00007ffbbbb92000 	C:\WINDOWS\System32\SHELL32.dll
0x00007ffbb81d0000 - 0x00007ffbb8960000 	C:\WINDOWS\SYSTEM32\windows.storage.dll
0x00007ffbbae40000 - 0x00007ffbbb196000 	C:\WINDOWS\System32\combase.dll
0x00007ffbb99f0000 - 0x00007ffbb9a1c000 	C:\WINDOWS\SYSTEM32\Wldp.dll
0x00007ffbbb390000 - 0x00007ffbbb43e000 	C:\WINDOWS\System32\SHCORE.dll
0x00007ffbbc2f0000 - 0x00007ffbbc345000 	C:\WINDOWS\System32\shlwapi.dll
0x00007ffbb9f90000 - 0x00007ffbb9fb6000 	C:\WINDOWS\SYSTEM32\profapi.dll
0x00007ffb7e380000 - 0x00007ffb7e39a000 	C:\Program Files\Android\Android Studio\jre\jre\bin\net.dll
0x00007ffbb9770000 - 0x00007ffbb97da000 	C:\WINDOWS\system32\mswsock.dll
0x00007ffb7e360000 - 0x00007ffb7e373000 	C:\Program Files\Android\Android Studio\jre\jre\bin\nio.dll
0x00007ffbb3970000 - 0x00007ffbb3997000 	C:\Users\erman\.gradle\native\c976cfcca226fdd4bee4412e95191dd41148b7504f9625baeda1d523bc39a967\windows-amd64\native-platform.dll
0x00007ffba1cc0000 - 0x00007ffba1ccd000 	C:\Program Files\Android\Android Studio\jre\jre\bin\management.dll
0x00007ffbb9950000 - 0x00007ffbb9968000 	C:\WINDOWS\SYSTEM32\CRYPTSP.dll
0x00007ffbb9110000 - 0x00007ffbb9144000 	C:\WINDOWS\system32\rsaenh.dll
0x00007ffbba220000 - 0x00007ffbba247000 	C:\WINDOWS\System32\bcrypt.dll
0x00007ffbb9f50000 - 0x00007ffbb9f7e000 	C:\WINDOWS\SYSTEM32\USERENV.dll
0x00007ffbba060000 - 0x00007ffbba0e0000 	C:\WINDOWS\System32\bcryptprimitives.dll
0x00007ffbb9940000 - 0x00007ffbb994c000 	C:\WINDOWS\SYSTEM32\CRYPTBASE.dll
0x00007ffbb9460000 - 0x00007ffbb949b000 	C:\WINDOWS\SYSTEM32\IPHLPAPI.DLL
0x00007ffbba980000 - 0x00007ffbba988000 	C:\WINDOWS\System32\NSI.dll
0x00007ffbb43e0000 - 0x00007ffbb43f7000 	C:\WINDOWS\SYSTEM32\dhcpcsvc6.DLL
0x00007ffbb43c0000 - 0x00007ffbb43dd000 	C:\WINDOWS\SYSTEM32\dhcpcsvc.DLL
0x00007ffbb94a0000 - 0x00007ffbb956b000 	C:\WINDOWS\SYSTEM32\DNSAPI.dll
0x00007ffb6e760000 - 0x00007ffb6e784000 	C:\Program Files\Android\Android Studio\jre\jre\bin\sunec.dll
0x0000000065c80000 - 0x0000000065ca6000 	C:\Program Files\Bonjour\mdnsNSP.dll
0x00007ffbb0ed0000 - 0x00007ffbb0eda000 	C:\Windows\System32\rasadhlp.dll
0x00007ffbaf210000 - 0x00007ffbaf28f000 	C:\WINDOWS\System32\fwpuclnt.dll

VM Arguments:
jvm_args: -Xmx2048m -Dfile.encoding=UTF-8 -Duser.country=RU -Duser.language=ru -Duser.variant 
java_command: org.gradle.launcher.daemon.bootstrap.GradleDaemon 6.3
java_class_path (initial): C:\Users\erman\.gradle\wrapper\dists\gradle-6.3-bin\8tpu6egwsccjzp10c1jckl0rx\gradle-6.3\lib\gradle-launcher-6.3.jar
Launcher Type: SUN_STANDARD

Environment Variables:
JAVA_HOME=C:\Program Files\Java\jdk1.8.0_231;
JRE_HOME=C:\Program Files\Java\jdk1.8.0_231;
CLASSPATH=.;
PATH=C:\ProgramData\Oracle\Java\javapath;C:\Program Files\Java\jdk1.8.0_231;\bin;C:\WINDOWS\system32;C:\WINDOWS;C:\WINDOWS\System32\Wbem;C:\WINDOWS\System32\WindowsPowerShell\v1.0\;C:\WINDOWS\System32\OpenSSH\;C:\xampp\tomcat\bin;C:\Program Files\JetBrains\ideaIU-2020.1.windows\bin;C:\Program Files\Java\jdk1.8.0_231;\bin;C:\Program Files\Git\cmd;C:\Program Files\MySQL\MySQL Shell 8.0\bin\;C:\Users\erman\AppData\Local\Microsoft\WindowsApps;C:\Program Files\Java\jdk1.8.0_231;\bin;C:\Users\erman\AppData\Local\GitHubDesktop\bin;C:\Users\erman\AppData\Local\Microsoft\WindowsApps;C:\Program Files\JetBrains\WebStorm 2020.2.3\bin;;C:\Program Files\JetBrains\IntelliJ IDEA 2019.2\bin;\bin;C:\Bitnami\tomcatstack-9.0.40-0\apache-tomcat\bin;
USERNAME=Yerman
OS=Windows_NT
PROCESSOR_IDENTIFIER=Intel64 Family 6 Model 58 Stepping 9, GenuineIntel



---------------  S Y S T E M  ---------------

OS: Windows 10.0 , 64 bit Build 19041 (10.0.19041.804)

CPU:total 4 (initial active 4) (4 cores per cpu, 1 threads per core) family 6 model 58 stepping 9, cmov, cx8, fxsr, mmx, sse, sse2, sse3, ssse3, sse4.1, sse4.2, popcnt, avx, aes, clmul, erms, tsc, tscinvbit, tscinv

Memory: 4k page, physical 8298580k(1097228k free), swap 10395732k(6660k free)

vm_info: OpenJDK 64-Bit Server VM (25.242-b01) for windows-amd64 JRE (1.8.0_242-release-1644-b01), built by "builder" with MS VC++ 10.0 (VS2010)

time: Wed Mar 03 00:10:26 2021
timezone: Центральная Азия (зима)
elapsed time: 6 seconds (0d 0h 0m 6s)

